<?xml version="1.0" encoding="UTF-8"?>
<!-- Generated by org.testng.reporters.JUnitXMLReporter -->
<testsuite ignored="6" hostname="Chesschamp123" failures="0" tests="1" name="Default test" time="33.254" errors="0" timestamp="2024-07-09T01:35:31 CDT">
  <testcase classname="com.Salesforce.test.SFTC33to37RandomScenarios" name="TC34Verifyeditedlastname" time="27.801"/>
  <testcase classname="com.Salesforce.test.SFTC33to37RandomScenarios" name="TC35Verifyplustabbut" time="0.0">
    <ignored/>
  </testcase> <!-- TC35Verifyplustabbut -->
  <testcase classname="com.Salesforce.base.BaseSFfunctionality" name="SfcommonUsermenu" time="0.0">
    <ignored/>
  </testcase> <!-- SfcommonUsermenu -->
  <testcase classname="com.Salesforce.test.SFTC33to37RandomScenarios" name="TC36BlockEventinCalendar" time="0.0">
    <ignored/>
  </testcase> <!-- TC36BlockEventinCalendar -->
  <testcase classname="com.Salesforce.base.BaseSFfunctionality" name="SfcommonLogin" time="0.0">
    <ignored/>
  </testcase> <!-- SfcommonLogin -->
  <testcase classname="com.Salesforce.test.SFTC33to37RandomScenarios" name="TC33Verifyfnlnlogin" time="0.0">
    <ignored/>
  </testcase> <!-- TC33Verifyfnlnlogin -->
  <testcase classname="com.Salesforce.test.SFTC33to37RandomScenarios" name="TC37BlockEventrecurrence" time="0.0">
    <ignored/>
  </testcase> <!-- TC37BlockEventrecurrence -->
</testsuite> <!-- Default test -->
