<?xml version="1.0" encoding="UTF-8"?>
<!-- Generated by org.testng.reporters.JUnitXMLReporter -->
<testsuite ignored="0" hostname="Chesschamp123" failures="0" tests="7" name="Test2" time="182.632" errors="0" timestamp="2024-07-09T01:44:04 CDT">
  <testcase classname="com.Salesforce.base.BaseSFfunctionality" name="SfcommonLogin" time="9.288"/>
  <testcase classname="com.Salesforce.base.BaseSFfunctionality" name="SfcommonUsermenu" time="14.621"/>
  <testcase classname="com.Salesforce.test.SfdcusermenuTC" name="DevloperConsole" time="21.003"/>
  <testcase classname="com.Salesforce.test.SfdcusermenuTC" name="Mysettingspersonallink" time="20.554"/>
  <testcase classname="com.Salesforce.test.SfdcusermenuTC" name="SfusermenuMyprofile" time="41.654"/>
  <testcase classname="com.Salesforce.test.SfdcusermenuTC" name="SfusermenuTC" time="17.828"/>
  <testcase classname="com.Salesforce.test.SfdcusermenuTC" name="usermenulogoutTc09" time="22.494"/>
</testsuite> <!-- Test2 -->
