<?xml version="1.0" encoding="UTF-8"?>
<!-- Generated by org.testng.reporters.JUnitXMLReporter -->
<testsuite ignored="0" hostname="Chesschamp123" failures="0" tests="7" name="Test1" time="86.763" errors="0" timestamp="2024-07-09T01:41:02 CDT">
  <testcase classname="com.Salesforce.base.BaseSFfunctionality" name="SfcommonLogin" time="9.703"/>
  <testcase classname="com.Salesforce.base.BaseSFfunctionality" name="SfcommonUsermenu" time="15.948"/>
  <testcase classname="com.Salesforce.test.SfdcAutomation" name="Sdfcloginpositive" time="9.663"/>
  <testcase classname="com.Salesforce.test.SfdcAutomation" name="SfdcInvalidUsernamePwd" time="1.559"/>
  <testcase classname="com.Salesforce.test.SfdcAutomation" name="Sfdcforgotpwd" time="8.22"/>
  <testcase classname="com.Salesforce.test.SfdcAutomation" name="Sfdcinvalidlogin" time="4.088"/>
  <testcase classname="com.Salesforce.test.SfdcAutomation" name="Sfdcrememberme" time="17.008"/>
</testsuite> <!-- Test1 -->
