<?xml version="1.0" encoding="UTF-8"?>
<testng-results ignored="0" total="14" passed="14" failed="0" skipped="0">
  <reporter-output>
  </reporter-output>
  <suite started-at="2024-07-09T01:39:35 CDT" name="Suite" finished-at="2024-07-09T01:44:04 CDT" duration-ms="269430">
    <groups>
    </groups>
    <test started-at="2024-07-09T01:39:35 CDT" name="Test1" finished-at="2024-07-09T01:41:02 CDT" duration-ms="86763">
      <class name="com.Salesforce.test.SfdcAutomation">
        <test-method is-config="true" signature="setUpBeforeMethod(java.lang.String)[pri:0, instance:com.Salesforce.test.SfdcAutomation@54a67a45]" started-at="2024-07-09T01:39:35 CDT" name="setUpBeforeMethod" finished-at="2024-07-09T01:39:39 CDT" duration-ms="3613" status="PASS">
          <params>
            <param index="0">
              <value>
                <![CDATA[chrome]]>
              </value>
            </param>
          </params>
          <reporter-output>
          </reporter-output>
        </test-method> <!-- setUpBeforeMethod -->
        <test-method signature="SfcommonLogin()[pri:0, instance:com.Salesforce.test.SfdcAutomation@54a67a45]" started-at="2024-07-09T01:39:39 CDT" name="SfcommonLogin" finished-at="2024-07-09T01:39:48 CDT" duration-ms="9703" status="PASS">
          <reporter-output>
          </reporter-output>
        </test-method> <!-- SfcommonLogin -->
        <test-method is-config="true" signature="tearDownAfterTestMethod()[pri:0, instance:com.Salesforce.test.SfdcAutomation@54a67a45]" started-at="2024-07-09T01:39:48 CDT" name="tearDownAfterTestMethod" finished-at="2024-07-09T01:39:49 CDT" duration-ms="288" status="PASS">
          <reporter-output>
          </reporter-output>
        </test-method> <!-- tearDownAfterTestMethod -->
        <test-method is-config="true" signature="setUpBeforeMethod(java.lang.String)[pri:0, instance:com.Salesforce.test.SfdcAutomation@54a67a45]" started-at="2024-07-09T01:39:49 CDT" name="setUpBeforeMethod" finished-at="2024-07-09T01:39:51 CDT" duration-ms="2234" status="PASS">
          <params>
            <param index="0">
              <value>
                <![CDATA[chrome]]>
              </value>
            </param>
          </params>
          <reporter-output>
          </reporter-output>
        </test-method> <!-- setUpBeforeMethod -->
        <test-method signature="SfcommonUsermenu()[pri:0, instance:com.Salesforce.test.SfdcAutomation@54a67a45]" started-at="2024-07-09T01:39:51 CDT" name="SfcommonUsermenu" finished-at="2024-07-09T01:40:07 CDT" duration-ms="15948" status="PASS">
          <reporter-output>
          </reporter-output>
        </test-method> <!-- SfcommonUsermenu -->
        <test-method is-config="true" signature="tearDownAfterTestMethod()[pri:0, instance:com.Salesforce.test.SfdcAutomation@54a67a45]" started-at="2024-07-09T01:40:07 CDT" name="tearDownAfterTestMethod" finished-at="2024-07-09T01:40:07 CDT" duration-ms="517" status="PASS">
          <reporter-output>
          </reporter-output>
        </test-method> <!-- tearDownAfterTestMethod -->
        <test-method is-config="true" signature="setUpBeforeMethod(java.lang.String)[pri:0, instance:com.Salesforce.test.SfdcAutomation@54a67a45]" started-at="2024-07-09T01:40:07 CDT" name="setUpBeforeMethod" finished-at="2024-07-09T01:40:10 CDT" duration-ms="2377" status="PASS">
          <params>
            <param index="0">
              <value>
                <![CDATA[chrome]]>
              </value>
            </param>
          </params>
          <reporter-output>
          </reporter-output>
        </test-method> <!-- setUpBeforeMethod -->
        <test-method signature="Sdfcloginpositive()[pri:0, instance:com.Salesforce.test.SfdcAutomation@54a67a45]" started-at="2024-07-09T01:40:10 CDT" name="Sdfcloginpositive" finished-at="2024-07-09T01:40:19 CDT" duration-ms="9663" status="PASS">
          <reporter-output>
          </reporter-output>
        </test-method> <!-- Sdfcloginpositive -->
        <test-method is-config="true" signature="tearDownAfterTestMethod()[pri:0, instance:com.Salesforce.test.SfdcAutomation@54a67a45]" started-at="2024-07-09T01:40:19 CDT" name="tearDownAfterTestMethod" finished-at="2024-07-09T01:40:20 CDT" duration-ms="241" status="PASS">
          <reporter-output>
          </reporter-output>
        </test-method> <!-- tearDownAfterTestMethod -->
        <test-method is-config="true" signature="setUpBeforeMethod(java.lang.String)[pri:0, instance:com.Salesforce.test.SfdcAutomation@54a67a45]" started-at="2024-07-09T01:40:20 CDT" name="setUpBeforeMethod" finished-at="2024-07-09T01:40:23 CDT" duration-ms="3095" status="PASS">
          <params>
            <param index="0">
              <value>
                <![CDATA[chrome]]>
              </value>
            </param>
          </params>
          <reporter-output>
          </reporter-output>
        </test-method> <!-- setUpBeforeMethod -->
        <test-method signature="SfdcInvalidUsernamePwd()[pri:0, instance:com.Salesforce.test.SfdcAutomation@54a67a45]" started-at="2024-07-09T01:40:23 CDT" name="SfdcInvalidUsernamePwd" finished-at="2024-07-09T01:40:24 CDT" duration-ms="1559" status="PASS">
          <reporter-output>
          </reporter-output>
        </test-method> <!-- SfdcInvalidUsernamePwd -->
        <test-method is-config="true" signature="tearDownAfterTestMethod()[pri:0, instance:com.Salesforce.test.SfdcAutomation@54a67a45]" started-at="2024-07-09T01:40:24 CDT" name="tearDownAfterTestMethod" finished-at="2024-07-09T01:40:25 CDT" duration-ms="444" status="PASS">
          <reporter-output>
          </reporter-output>
        </test-method> <!-- tearDownAfterTestMethod -->
        <test-method is-config="true" signature="setUpBeforeMethod(java.lang.String)[pri:0, instance:com.Salesforce.test.SfdcAutomation@54a67a45]" started-at="2024-07-09T01:40:25 CDT" name="setUpBeforeMethod" finished-at="2024-07-09T01:40:27 CDT" duration-ms="2113" status="PASS">
          <params>
            <param index="0">
              <value>
                <![CDATA[chrome]]>
              </value>
            </param>
          </params>
          <reporter-output>
          </reporter-output>
        </test-method> <!-- setUpBeforeMethod -->
        <test-method signature="Sfdcforgotpwd()[pri:0, instance:com.Salesforce.test.SfdcAutomation@54a67a45]" started-at="2024-07-09T01:40:27 CDT" name="Sfdcforgotpwd" finished-at="2024-07-09T01:40:35 CDT" duration-ms="8220" status="PASS">
          <reporter-output>
          </reporter-output>
        </test-method> <!-- Sfdcforgotpwd -->
        <test-method is-config="true" signature="tearDownAfterTestMethod()[pri:0, instance:com.Salesforce.test.SfdcAutomation@54a67a45]" started-at="2024-07-09T01:40:35 CDT" name="tearDownAfterTestMethod" finished-at="2024-07-09T01:40:36 CDT" duration-ms="442" status="PASS">
          <reporter-output>
          </reporter-output>
        </test-method> <!-- tearDownAfterTestMethod -->
        <test-method is-config="true" signature="setUpBeforeMethod(java.lang.String)[pri:0, instance:com.Salesforce.test.SfdcAutomation@54a67a45]" started-at="2024-07-09T01:40:36 CDT" name="setUpBeforeMethod" finished-at="2024-07-09T01:40:38 CDT" duration-ms="2391" status="PASS">
          <params>
            <param index="0">
              <value>
                <![CDATA[chrome]]>
              </value>
            </param>
          </params>
          <reporter-output>
          </reporter-output>
        </test-method> <!-- setUpBeforeMethod -->
        <test-method signature="Sfdcinvalidlogin()[pri:0, instance:com.Salesforce.test.SfdcAutomation@54a67a45]" started-at="2024-07-09T01:40:38 CDT" name="Sfdcinvalidlogin" finished-at="2024-07-09T01:40:42 CDT" duration-ms="4088" status="PASS">
          <reporter-output>
          </reporter-output>
        </test-method> <!-- Sfdcinvalidlogin -->
        <test-method is-config="true" signature="tearDownAfterTestMethod()[pri:0, instance:com.Salesforce.test.SfdcAutomation@54a67a45]" started-at="2024-07-09T01:40:42 CDT" name="tearDownAfterTestMethod" finished-at="2024-07-09T01:40:42 CDT" duration-ms="281" status="PASS">
          <reporter-output>
          </reporter-output>
        </test-method> <!-- tearDownAfterTestMethod -->
        <test-method is-config="true" signature="setUpBeforeMethod(java.lang.String)[pri:0, instance:com.Salesforce.test.SfdcAutomation@54a67a45]" started-at="2024-07-09T01:40:42 CDT" name="setUpBeforeMethod" finished-at="2024-07-09T01:40:44 CDT" duration-ms="1937" status="PASS">
          <params>
            <param index="0">
              <value>
                <![CDATA[chrome]]>
              </value>
            </param>
          </params>
          <reporter-output>
          </reporter-output>
        </test-method> <!-- setUpBeforeMethod -->
        <test-method signature="Sfdcrememberme()[pri:0, instance:com.Salesforce.test.SfdcAutomation@54a67a45]" started-at="2024-07-09T01:40:44 CDT" name="Sfdcrememberme" finished-at="2024-07-09T01:41:01 CDT" duration-ms="17008" status="PASS">
          <reporter-output>
          </reporter-output>
        </test-method> <!-- Sfdcrememberme -->
        <test-method is-config="true" signature="tearDownAfterTestMethod()[pri:0, instance:com.Salesforce.test.SfdcAutomation@54a67a45]" started-at="2024-07-09T01:41:01 CDT" name="tearDownAfterTestMethod" finished-at="2024-07-09T01:41:02 CDT" duration-ms="447" status="PASS">
          <reporter-output>
          </reporter-output>
        </test-method> <!-- tearDownAfterTestMethod -->
      </class> <!-- com.Salesforce.test.SfdcAutomation -->
    </test> <!-- Test1 -->
    <test started-at="2024-07-09T01:41:02 CDT" name="Test2" finished-at="2024-07-09T01:44:04 CDT" duration-ms="182632">
      <class name="com.Salesforce.test.SfdcusermenuTC">
        <test-method is-config="true" signature="setUpBeforeMethod(java.lang.String)[pri:0, instance:com.Salesforce.test.SfdcusermenuTC@72ea6193]" started-at="2024-07-09T01:41:02 CDT" name="setUpBeforeMethod" finished-at="2024-07-09T01:41:04 CDT" duration-ms="2300" status="PASS">
          <params>
            <param index="0">
              <value>
                <![CDATA[chrome]]>
              </value>
            </param>
          </params>
          <reporter-output>
          </reporter-output>
        </test-method> <!-- setUpBeforeMethod -->
        <test-method signature="SfcommonLogin()[pri:0, instance:com.Salesforce.test.SfdcusermenuTC@72ea6193]" started-at="2024-07-09T01:41:04 CDT" name="SfcommonLogin" finished-at="2024-07-09T01:41:13 CDT" duration-ms="9288" status="PASS">
          <reporter-output>
          </reporter-output>
        </test-method> <!-- SfcommonLogin -->
        <test-method is-config="true" signature="tearDownAfterTestMethod()[pri:0, instance:com.Salesforce.test.SfdcusermenuTC@72ea6193]" started-at="2024-07-09T01:41:13 CDT" name="tearDownAfterTestMethod" finished-at="2024-07-09T01:41:14 CDT" duration-ms="457" status="PASS">
          <reporter-output>
          </reporter-output>
        </test-method> <!-- tearDownAfterTestMethod -->
        <test-method is-config="true" signature="setUpBeforeMethod(java.lang.String)[pri:0, instance:com.Salesforce.test.SfdcusermenuTC@72ea6193]" started-at="2024-07-09T01:41:14 CDT" name="setUpBeforeMethod" finished-at="2024-07-09T01:41:17 CDT" duration-ms="3465" status="PASS">
          <params>
            <param index="0">
              <value>
                <![CDATA[chrome]]>
              </value>
            </param>
          </params>
          <reporter-output>
          </reporter-output>
        </test-method> <!-- setUpBeforeMethod -->
        <test-method signature="SfcommonUsermenu()[pri:0, instance:com.Salesforce.test.SfdcusermenuTC@72ea6193]" started-at="2024-07-09T01:41:17 CDT" name="SfcommonUsermenu" finished-at="2024-07-09T01:41:32 CDT" duration-ms="14621" status="PASS">
          <reporter-output>
          </reporter-output>
        </test-method> <!-- SfcommonUsermenu -->
        <test-method is-config="true" signature="tearDownAfterTestMethod()[pri:0, instance:com.Salesforce.test.SfdcusermenuTC@72ea6193]" started-at="2024-07-09T01:41:32 CDT" name="tearDownAfterTestMethod" finished-at="2024-07-09T01:41:33 CDT" duration-ms="885" status="PASS">
          <reporter-output>
          </reporter-output>
        </test-method> <!-- tearDownAfterTestMethod -->
        <test-method is-config="true" signature="setUpBeforeMethod(java.lang.String)[pri:0, instance:com.Salesforce.test.SfdcusermenuTC@72ea6193]" started-at="2024-07-09T01:41:33 CDT" name="setUpBeforeMethod" finished-at="2024-07-09T01:41:35 CDT" duration-ms="2141" status="PASS">
          <params>
            <param index="0">
              <value>
                <![CDATA[chrome]]>
              </value>
            </param>
          </params>
          <reporter-output>
          </reporter-output>
        </test-method> <!-- setUpBeforeMethod -->
        <test-method signature="DevloperConsole()[pri:0, instance:com.Salesforce.test.SfdcusermenuTC@72ea6193]" started-at="2024-07-09T01:41:35 CDT" name="DevloperConsole" finished-at="2024-07-09T01:41:56 CDT" duration-ms="21003" status="PASS">
          <reporter-output>
          </reporter-output>
        </test-method> <!-- DevloperConsole -->
        <test-method is-config="true" signature="tearDownAfterTestMethod()[pri:0, instance:com.Salesforce.test.SfdcusermenuTC@72ea6193]" started-at="2024-07-09T01:41:56 CDT" name="tearDownAfterTestMethod" finished-at="2024-07-09T01:41:56 CDT" duration-ms="326" status="PASS">
          <reporter-output>
          </reporter-output>
        </test-method> <!-- tearDownAfterTestMethod -->
        <test-method is-config="true" signature="setUpBeforeMethod(java.lang.String)[pri:0, instance:com.Salesforce.test.SfdcusermenuTC@72ea6193]" started-at="2024-07-09T01:41:56 CDT" name="setUpBeforeMethod" finished-at="2024-07-09T01:41:59 CDT" duration-ms="2241" status="PASS">
          <params>
            <param index="0">
              <value>
                <![CDATA[chrome]]>
              </value>
            </param>
          </params>
          <reporter-output>
          </reporter-output>
        </test-method> <!-- setUpBeforeMethod -->
        <test-method signature="Mysettingspersonallink()[pri:0, instance:com.Salesforce.test.SfdcusermenuTC@72ea6193]" started-at="2024-07-09T01:41:59 CDT" name="Mysettingspersonallink" finished-at="2024-07-09T01:42:19 CDT" duration-ms="20554" status="PASS">
          <reporter-output>
          </reporter-output>
        </test-method> <!-- Mysettingspersonallink -->
        <test-method is-config="true" signature="tearDownAfterTestMethod()[pri:0, instance:com.Salesforce.test.SfdcusermenuTC@72ea6193]" started-at="2024-07-09T01:42:19 CDT" name="tearDownAfterTestMethod" finished-at="2024-07-09T01:42:20 CDT" duration-ms="707" status="PASS">
          <reporter-output>
          </reporter-output>
        </test-method> <!-- tearDownAfterTestMethod -->
        <test-method is-config="true" signature="setUpBeforeMethod(java.lang.String)[pri:0, instance:com.Salesforce.test.SfdcusermenuTC@72ea6193]" started-at="2024-07-09T01:42:20 CDT" name="setUpBeforeMethod" finished-at="2024-07-09T01:42:24 CDT" duration-ms="3750" status="PASS">
          <params>
            <param index="0">
              <value>
                <![CDATA[chrome]]>
              </value>
            </param>
          </params>
          <reporter-output>
          </reporter-output>
        </test-method> <!-- setUpBeforeMethod -->
        <test-method signature="SfusermenuMyprofile()[pri:0, instance:com.Salesforce.test.SfdcusermenuTC@72ea6193]" started-at="2024-07-09T01:42:24 CDT" name="SfusermenuMyprofile" finished-at="2024-07-09T01:43:05 CDT" duration-ms="41654" status="PASS">
          <reporter-output>
          </reporter-output>
        </test-method> <!-- SfusermenuMyprofile -->
        <test-method is-config="true" signature="tearDownAfterTestMethod()[pri:0, instance:com.Salesforce.test.SfdcusermenuTC@72ea6193]" started-at="2024-07-09T01:43:05 CDT" name="tearDownAfterTestMethod" finished-at="2024-07-09T01:43:15 CDT" duration-ms="9484" status="PASS">
          <reporter-output>
          </reporter-output>
        </test-method> <!-- tearDownAfterTestMethod -->
        <test-method is-config="true" signature="setUpBeforeMethod(java.lang.String)[pri:0, instance:com.Salesforce.test.SfdcusermenuTC@72ea6193]" started-at="2024-07-09T01:43:15 CDT" name="setUpBeforeMethod" finished-at="2024-07-09T01:43:19 CDT" duration-ms="3970" status="PASS">
          <params>
            <param index="0">
              <value>
                <![CDATA[chrome]]>
              </value>
            </param>
          </params>
          <reporter-output>
          </reporter-output>
        </test-method> <!-- setUpBeforeMethod -->
        <test-method signature="SfusermenuTC()[pri:0, instance:com.Salesforce.test.SfdcusermenuTC@72ea6193]" started-at="2024-07-09T01:43:19 CDT" name="SfusermenuTC" finished-at="2024-07-09T01:43:37 CDT" duration-ms="17828" status="PASS">
          <reporter-output>
          </reporter-output>
        </test-method> <!-- SfusermenuTC -->
        <test-method is-config="true" signature="tearDownAfterTestMethod()[pri:0, instance:com.Salesforce.test.SfdcusermenuTC@72ea6193]" started-at="2024-07-09T01:43:37 CDT" name="tearDownAfterTestMethod" finished-at="2024-07-09T01:43:37 CDT" duration-ms="377" status="PASS">
          <reporter-output>
          </reporter-output>
        </test-method> <!-- tearDownAfterTestMethod -->
        <test-method is-config="true" signature="setUpBeforeMethod(java.lang.String)[pri:0, instance:com.Salesforce.test.SfdcusermenuTC@72ea6193]" started-at="2024-07-09T01:43:37 CDT" name="setUpBeforeMethod" finished-at="2024-07-09T01:43:40 CDT" duration-ms="3036" status="PASS">
          <params>
            <param index="0">
              <value>
                <![CDATA[chrome]]>
              </value>
            </param>
          </params>
          <reporter-output>
          </reporter-output>
        </test-method> <!-- setUpBeforeMethod -->
        <test-method signature="usermenulogoutTc09()[pri:0, instance:com.Salesforce.test.SfdcusermenuTC@72ea6193]" started-at="2024-07-09T01:43:40 CDT" name="usermenulogoutTc09" finished-at="2024-07-09T01:44:02 CDT" duration-ms="22494" status="PASS">
          <reporter-output>
          </reporter-output>
        </test-method> <!-- usermenulogoutTc09 -->
        <test-method is-config="true" signature="tearDownAfterTestMethod()[pri:0, instance:com.Salesforce.test.SfdcusermenuTC@72ea6193]" started-at="2024-07-09T01:44:02 CDT" name="tearDownAfterTestMethod" finished-at="2024-07-09T01:44:04 CDT" duration-ms="1976" status="PASS">
          <reporter-output>
          </reporter-output>
        </test-method> <!-- tearDownAfterTestMethod -->
      </class> <!-- com.Salesforce.test.SfdcusermenuTC -->
    </test> <!-- Test2 -->
  </suite> <!-- Suite -->
</testng-results>
